[     495ms] [ERROR] Failed to load resource: net::ERR_TUNNEL_CONNECTION_FAILED @ https://github.githubassets.com/assets/light-0c8222dcd7a4f9b7.css:0
[     496ms] [ERROR] Failed to load resource: net::ERR_TUNNEL_CONNECTION_FAILED @ https://github.githubassets.com/assets/light_high_contrast-51c0c6e0c085cc0f.css:0
[     497ms] [ERROR] Failed to load resource: net::ERR_TUNNEL_CONNECTION_FAILED @ https://github.githubassets.com/assets/dark-fc6eec18532c3ae0.css:0
[     497ms] [ERROR] Failed to load resource: net::ERR_TUNNEL_CONNECTION_FAILED @ https://github.githubassets.com/assets/dark_high_contrast-96d7b2bab5a6ae4e.css:0
[     497ms] [ERROR] Failed to load resource: net::ERR_TUNNEL_CONNECTION_FAILED @ https://github.githubassets.com/assets/primer-primitives-10bf9dd67e3d70bd.css:0
[     497ms] [ERROR] Failed to load resource: net::ERR_TUNNEL_CONNECTION_FAILED @ https://github.githubassets.com/assets/primer-0fcd9af82350aeda.css:0
[     498ms] [ERROR] Failed to load resource: net::ERR_TUNNEL_CONNECTION_FAILED @ https://github.githubassets.com/assets/global-a40b6ece39d70d4a.css:0
[     499ms] [ERROR] Failed to load resource: net::ERR_TUNNEL_CONNECTION_FAILED @ https://github.githubassets.com/assets/github-b02a278369fa132e.css:0
[     501ms] [ERROR] Failed to load resource: net::ERR_TUNNEL_CONNECTION_FAILED @ https://github.githubassets.com/assets/repository-6ec84ae2261fecf8.css:0
[     501ms] [ERROR] Failed to load resource: net::ERR_TUNNEL_CONNECTION_FAILED @ https://github.githubassets.com/assets/code-2d31826944fd3be8.css:0
[     501ms] [ERROR] Failed to load resource: net::ERR_TUNNEL_CONNECTION_FAILED @ https://github.githubassets.com/assets/high-contrast-cookie-6d9b25bb81324e28.js:0
[     514ms] [ERROR] Failed to load resource: net::ERR_TUNNEL_CONNECTION_FAILED @ https://github.githubassets.com/assets/react-core.364eade98ee7744f.module.css:0
[     523ms] [ERROR] Failed to load resource: net::ERR_TUNNEL_CONNECTION_FAILED @ https://github.githubassets.com/assets/primer-react-css.a7c2e61315e78ba2.module.css:0
[     524ms] [ERROR] Failed to load resource: net::ERR_TUNNEL_CONNECTION_FAILED @ https://github.githubassets.com/assets/51162.c13c773436c29a7b.module.css:0
[     524ms] [ERROR] Failed to load resource: net::ERR_TUNNEL_CONNECTION_FAILED @ https://github.githubassets.com/assets/66205.b5045207bd90f6b9.module.css:0
[     524ms] [ERROR] Failed to load resource: net::ERR_TUNNEL_CONNECTION_FAILED @ https://github.githubassets.com/assets/43690.849fbc1d9064e4fb.module.css:0
[     524ms] [ERROR] Failed to load resource: net::ERR_TUNNEL_CONNECTION_FAILED @ https://github.githubassets.com/assets/code-view.e923da7d7482ea81.module.css:0
[     525ms] [ERROR] Failed to load resource: net::ERR_TUNNEL_CONNECTION_FAILED @ https://github.githubassets.com/assets/notifications-subscriptions-menu.943a6344106372d3.module.css:0
[     525ms] [ERROR] Failed to load resource: net::ERR_TUNNEL_CONNECTION_FAILED @ https://github.githubassets.com/assets/keyboard-shortcuts-dialog.be67227d646883be.module.css:0
[     526ms] [ERROR] Failed to load resource: net::ERR_TUNNEL_CONNECTION_FAILED @ https://github.githubassets.com/assets/marketing-navigation.0d061fa8a7d6603d.module.css:0
[     534ms] [ERROR] Failed to load resource: net::ERR_TUNNEL_CONNECTION_FAILED @ https://github.githubassets.com/assets/wp-runtime-bc91473ab0202727.js:0
[     535ms] [ERROR] Failed to load resource: net::ERR_TUNNEL_CONNECTION_FAILED @ https://github.githubassets.com/assets/28839-c0b8ec9e4855e70d.js:0
[     537ms] [ERROR] Failed to load resource: net::ERR_TUNNEL_CONNECTION_FAILED @ https://github.githubassets.com/assets/85924-d72bd3bf2ebf2b33.js:0
[     538ms] [ERROR] Failed to load resource: net::ERR_TUNNEL_CONNECTION_FAILED @ https://github.githubassets.com/assets/34646-5136272fb208a9a7.js:0
[     539ms] [ERROR] Failed to load resource: net::ERR_TUNNEL_CONNECTION_FAILED @ https://github.githubassets.com/assets/environment-d875a2db42d84bc1.js:0
[     541ms] [ERROR] Failed to load resource: net::ERR_TUNNEL_CONNECTION_FAILED @ https://github.githubassets.com/assets/runtime-helpers-9ca289a20b4287f3.js:0
[     541ms] [ERROR] Failed to load resource: net::ERR_TUNNEL_CONNECTION_FAILED @ https://github.githubassets.com/assets/2966-7fae197fcc122033.js:0
[     542ms] [ERROR] Failed to load resource: net::ERR_TUNNEL_CONNECTION_FAILED @ https://github.githubassets.com/assets/96232-9ad451468017b312.js:0
[     542ms] [ERROR] Failed to load resource: net::ERR_TUNNEL_CONNECTION_FAILED @ https://github.githubassets.com/assets/41013-98ec62b138074b3c.js:0
[     542ms] [ERROR] Failed to load resource: net::ERR_TUNNEL_CONNECTION_FAILED @ https://github.githubassets.com/assets/51210-4f6b60f1e56caf0b.js:0
[     544ms] [ERROR] Failed to load resource: net::ERR_TUNNEL_CONNECTION_FAILED @ https://github.githubassets.com/assets/77313-833d857459e22419.js:0
[     545ms] [ERROR] Failed to load resource: net::ERR_TUNNEL_CONNECTION_FAILED @ https://github.githubassets.com/assets/23039-9d3ed8a305267b36.js:0
[     545ms] [ERROR] Failed to load resource: net::ERR_TUNNEL_CONNECTION_FAILED @ https://github.githubassets.com/assets/2327-f9a97d2894410dcc.js:0
[     546ms] [ERROR] Failed to load resource: net::ERR_TUNNEL_CONNECTION_FAILED @ https://github.githubassets.com/assets/46740-6ff37d25440dfd5f.js:0
[     547ms] [ERROR] Failed to load resource: net::ERR_TUNNEL_CONNECTION_FAILED @ https://github.githubassets.com/assets/99396-1b9a7bbc673d1858.js:0
[     547ms] [ERROR] Failed to load resource: net::ERR_TUNNEL_CONNECTION_FAILED @ https://github.githubassets.com/assets/github-elements-b6b27a04749574ff.js:0
[     548ms] [ERROR] Failed to load resource: net::ERR_TUNNEL_CONNECTION_FAILED @ https://github.githubassets.com/assets/element-registry-8625ff01ea3e9c5a.js:0
[     549ms] [ERROR] Failed to load resource: net::ERR_TUNNEL_CONNECTION_FAILED @ https://github.githubassets.com/assets/react-core-eff3f3e27186f71c.js:0
[     550ms] [ERROR] Failed to load resource: net::ERR_TUNNEL_CONNECTION_FAILED @ https://github.githubassets.com/assets/react-lib-3f8a185bb97e4f4c.js:0
[     550ms] [ERROR] Failed to load resource: net::ERR_TUNNEL_CONNECTION_FAILED @ https://github.githubassets.com/assets/7053-059cc82f993d345a.js:0
[     552ms] [ERROR] Failed to load resource: net::ERR_TUNNEL_CONNECTION_FAILED @ https://github.githubassets.com/assets/79039-13dc534ba9c6a63e.js:0
[     553ms] [ERROR] Failed to load resource: net::ERR_TUNNEL_CONNECTION_FAILED @ https://github.githubassets.com/assets/61110-91a6e672e6c52371.js:0
[     553ms] [ERROR] Failed to load resource: net::ERR_TUNNEL_CONNECTION_FAILED @ https://github.githubassets.com/assets/2887-7374f895742e2de6.js:0
[     553ms] [ERROR] Failed to load resource: net::ERR_TUNNEL_CONNECTION_FAILED @ https://github.githubassets.com/assets/26533-be3434b1ad736595.js:0
[     554ms] [ERROR] Failed to load resource: net::ERR_TUNNEL_CONNECTION_FAILED @ https://github.githubassets.com/assets/18728-82d661dfa4f3f257.js:0
[     555ms] [ERROR] Failed to load resource: net::ERR_TUNNEL_CONNECTION_FAILED @ https://github.githubassets.com/assets/12734-bef5da8f594c610e.js:0
[     555ms] [ERROR] Failed to load resource: net::ERR_TUNNEL_CONNECTION_FAILED @ https://github.githubassets.com/assets/89155-cd29998a39b55887.js:0
[     558ms] [ERROR] Failed to load resource: net::ERR_TUNNEL_CONNECTION_FAILED @ https://github.githubassets.com/assets/50686-203ca12c697307e6.js:0
[     558ms] [ERROR] Failed to load resource: net::ERR_TUNNEL_CONNECTION_FAILED @ https://github.githubassets.com/assets/63225-709573646523acd4.js:0
[     559ms] [ERROR] Failed to load resource: net::ERR_TUNNEL_CONNECTION_FAILED @ https://github.githubassets.com/assets/46287-4caff6a8b1d9f9be.js:0
[     562ms] [ERROR] Failed to load resource: net::ERR_TUNNEL_CONNECTION_FAILED @ https://github.githubassets.com/assets/2498-97555f2269e8a9bd.js:0
[     562ms] [ERROR] Failed to load resource: net::ERR_TUNNEL_CONNECTION_FAILED @ https://github.githubassets.com/assets/1108-d04e2e16dc98da37.js:0
[     562ms] [ERROR] Failed to load resource: net::ERR_TUNNEL_CONNECTION_FAILED @ https://github.githubassets.com/assets/18597-4d68730b3035fa2d.js:0
[     565ms] [ERROR] Failed to load resource: net::ERR_TUNNEL_CONNECTION_FAILED @ https://github.githubassets.com/assets/15625-1fe1313c1426464a.js:0
[     565ms] [ERROR] Failed to load resource: net::ERR_TUNNEL_CONNECTION_FAILED @ https://github.githubassets.com/assets/48527-f916f0db97fcaa0a.js:0
[     566ms] [ERROR] Failed to load resource: net::ERR_TUNNEL_CONNECTION_FAILED @ https://github.githubassets.com/assets/28703-b65c10948d4038cd.js:0
[     567ms] [ERROR] Failed to load resource: net::ERR_TUNNEL_CONNECTION_FAILED @ https://github.githubassets.com/assets/99328-91354dc331fd4cdd.js:0
[     569ms] [ERROR] Failed to load resource: net::ERR_TUNNEL_CONNECTION_FAILED @ https://github.githubassets.com/assets/37943-51d1420545992a0c.js:0
[     569ms] [ERROR] Failed to load resource: net::ERR_TUNNEL_CONNECTION_FAILED @ https://github.githubassets.com/assets/91184-962677183b5639ee.js:0
[     569ms] [ERROR] Failed to load resource: net::ERR_TUNNEL_CONNECTION_FAILED @ https://github.githubassets.com/assets/97232-f296cf9f18a015f8.js:0
[     570ms] [ERROR] Failed to load resource: net::ERR_TUNNEL_CONNECTION_FAILED @ https://github.githubassets.com/assets/87774-a49163e290691688.js:0
[     570ms] [ERROR] Failed to load resource: net::ERR_TUNNEL_CONNECTION_FAILED @ https://github.githubassets.com/assets/27493-4c94010ef4ae1e22.js:0
[     571ms] [ERROR] Failed to load resource: net::ERR_TUNNEL_CONNECTION_FAILED @ https://github.githubassets.com/assets/56889-a22c1e3369fa0b5c.js:0
[     574ms] [ERROR] Failed to load resource: net::ERR_TUNNEL_CONNECTION_FAILED @ https://github.githubassets.com/assets/2013-ba4f72f3bac703ac.js:0
[     574ms] [ERROR] Failed to load resource: net::ERR_TUNNEL_CONNECTION_FAILED @ https://github.githubassets.com/assets/81564-b397683e312aecfa.js:0
[     574ms] [ERROR] Failed to load resource: net::ERR_TUNNEL_CONNECTION_FAILED @ https://github.githubassets.com/assets/behaviors-16a09f816045b7f3.js:0
[     577ms] [ERROR] Failed to load resource: net::ERR_TUNNEL_CONNECTION_FAILED @ https://github.githubassets.com/assets/38302-3e712631658bb3b9.js:0
[     578ms] [ERROR] Failed to load resource: net::ERR_TUNNEL_CONNECTION_FAILED @ https://github.githubassets.com/assets/notifications-global-26855372e0da920b.js:0
[     578ms] [ERROR] Failed to load resource: net::ERR_TUNNEL_CONNECTION_FAILED @ https://github.githubassets.com/assets/19262-4c3b05232fb597c5.js:0
[     579ms] [ERROR] Failed to load resource: net::ERR_TUNNEL_CONNECTION_FAILED @ https://github.githubassets.com/assets/32225-b364085a67fce509.js:0
[     580ms] [ERROR] Failed to load resource: net::ERR_TUNNEL_CONNECTION_FAILED @ https://github.githubassets.com/assets/19930-5c005d8c44bf85a0.js:0
[     580ms] [ERROR] Failed to load resource: net::ERR_TUNNEL_CONNECTION_FAILED @ https://github.githubassets.com/assets/codespaces-b081762bea4c7a09.js:0
[     581ms] [ERROR] Failed to load resource: net::ERR_TUNNEL_CONNECTION_FAILED @ https://github.githubassets.com/assets/45885-1f6bd3d4e25bd9ee.js:0
[     582ms] [ERROR] Failed to load resource: net::ERR_TUNNEL_CONNECTION_FAILED @ https://github.githubassets.com/assets/70206-8ad353124c962a56.js:0
[     583ms] [ERROR] Failed to load resource: net::ERR_TUNNEL_CONNECTION_FAILED @ https://github.githubassets.com/assets/repositories-fe69872fafd3f98f.js:0
[     584ms] [ERROR] Failed to load resource: net::ERR_TUNNEL_CONNECTION_FAILED @ https://github.githubassets.com/assets/34140-23b7e387fad525e7.js:0
[     585ms] [ERROR] Failed to load resource: net::ERR_TUNNEL_CONNECTION_FAILED @ https://github.githubassets.com/assets/code-menu-967536ac6b424d39.js:0
[     586ms] [ERROR] Failed to load resource: net::ERR_TUNNEL_CONNECTION_FAILED @ https://github.githubassets.com/assets/primer-react-d9c6875a3332ed86.js:0
[     586ms] [ERROR] Failed to load resource: net::ERR_TUNNEL_CONNECTION_FAILED @ https://github.githubassets.com/assets/octicons-react-ca419a820093f0c2.js:0
[     587ms] [ERROR] Failed to load resource: net::ERR_TUNNEL_CONNECTION_FAILED @ https://github.githubassets.com/assets/82920-dc06a067ce609d1d.js:0
[     588ms] [ERROR] Failed to load resource: net::ERR_TUNNEL_CONNECTION_FAILED @ https://github.githubassets.com/assets/37869-a6edd40fc0f7a5b7.js:0
[     589ms] [ERROR] Failed to load resource: net::ERR_TUNNEL_CONNECTION_FAILED @ https://github.githubassets.com/assets/68751-dc22dc5f8bf5a264.js:0
[     590ms] [ERROR] Failed to load resource: net::ERR_TUNNEL_CONNECTION_FAILED @ https://github.githubassets.com/assets/7463-99acaf07f7d6502a.js:0
[     590ms] [ERROR] Failed to load resource: net::ERR_TUNNEL_CONNECTION_FAILED @ https://github.githubassets.com/assets/15272-ad5fb8cca4dc4180.js:0
[     591ms] [ERROR] Failed to load resource: net::ERR_TUNNEL_CONNECTION_FAILED @ https://github.githubassets.com/assets/32769-5b6132406b21f557.js:0
[     591ms] [ERROR] Failed to load resource: net::ERR_TUNNEL_CONNECTION_FAILED @ https://github.githubassets.com/assets/91498-79905c6495061831.js:0
[     592ms] [ERROR] Failed to load resource: net::ERR_TUNNEL_CONNECTION_FAILED @ https://github.githubassets.com/assets/50938-14e2342a61983e31.js:0
[     596ms] [ERROR] Failed to load resource: net::ERR_TUNNEL_CONNECTION_FAILED @ https://github.githubassets.com/assets/13220-130b6ffd242c3cfe.js:0
[     596ms] [ERROR] Failed to load resource: net::ERR_TUNNEL_CONNECTION_FAILED @ https://github.githubassets.com/assets/76707-4162f37ba2ea87f0.js:0
[     596ms] [ERROR] Failed to load resource: net::ERR_TUNNEL_CONNECTION_FAILED @ https://github.githubassets.com/assets/90255-d17e0fa6c678f732.js:0
[     596ms] [ERROR] Failed to load resource: net::ERR_TUNNEL_CONNECTION_FAILED @ https://github.githubassets.com/assets/63991-e25341ef4598af2e.js:0
[     596ms] [ERROR] Failed to load resource: net::ERR_TUNNEL_CONNECTION_FAILED @ https://github.githubassets.com/assets/5478-be6668559cef13dd.js:0
[     598ms] [ERROR] Failed to load resource: net::ERR_TUNNEL_CONNECTION_FAILED @ https://github.githubassets.com/assets/primer-react-css.a7c2e61315e78ba2.module.css:0
[     598ms] [ERROR] Failed to load resource: net::ERR_TUNNEL_CONNECTION_FAILED @ https://github.githubassets.com/assets/73022-d5bf08ede6053fec.js:0
[     599ms] [ERROR] Failed to load resource: net::ERR_TUNNEL_CONNECTION_FAILED @ https://github.githubassets.com/assets/15696-a20f439f82bcaaed.js:0
[     606ms] [ERROR] Failed to load resource: net::ERR_TUNNEL_CONNECTION_FAILED @ https://github.githubassets.com/assets/66231-730d4632e03e6ae9.js:0
[     619ms] [ERROR] Failed to load resource: net::ERR_TUNNEL_CONNECTION_FAILED @ https://github.githubassets.com/assets/36600-cf085c136387bf33.js:0
[     619ms] [ERROR] Failed to load resource: net::ERR_TUNNEL_CONNECTION_FAILED @ https://github.githubassets.com/assets/18222-4323474564e5aecc.js:0
[     619ms] [ERROR] Failed to load resource: net::ERR_TUNNEL_CONNECTION_FAILED @ https://github.githubassets.com/assets/4916-4cfd8dd432dcda55.js:0
[     619ms] [ERROR] Failed to load resource: net::ERR_TUNNEL_CONNECTION_FAILED @ https://github.githubassets.com/assets/24787-1e80460305bfacf6.js:0
[     619ms] [ERROR] Failed to load resource: net::ERR_TUNNEL_CONNECTION_FAILED @ https://github.githubassets.com/assets/17363-4f4436e161accb3b.js:0
[     619ms] [ERROR] Failed to load resource: net::ERR_TUNNEL_CONNECTION_FAILED @ https://github.githubassets.com/assets/13333-e757dcf2a85f7470.js:0
[     619ms] [ERROR] Failed to load resource: net::ERR_TUNNEL_CONNECTION_FAILED @ https://github.githubassets.com/assets/1097-53c0518f93b2279f.js:0
[     619ms] [ERROR] Failed to load resource: net::ERR_TUNNEL_CONNECTION_FAILED @ https://github.githubassets.com/assets/73061-c4ce11a3cbb2af1b.js:0
[     619ms] [ERROR] Failed to load resource: net::ERR_TUNNEL_CONNECTION_FAILED @ https://github.githubassets.com/assets/32999-1c9f470712601c9e.js:0
[     619ms] [ERROR] Failed to load resource: net::ERR_TUNNEL_CONNECTION_FAILED @ https://github.githubassets.com/assets/20201-94a027eac40ef4a9.js:0
[     619ms] [ERROR] Failed to load resource: net::ERR_TUNNEL_CONNECTION_FAILED @ https://github.githubassets.com/assets/86923-cf375148e3d6ed75.js:0
[     619ms] [ERROR] Failed to load resource: net::ERR_TUNNEL_CONNECTION_FAILED @ https://github.githubassets.com/assets/49972-75e32f17cfa68bd1.js:0
[     619ms] [ERROR] Failed to load resource: net::ERR_TUNNEL_CONNECTION_FAILED @ https://github.githubassets.com/assets/51162-7c57f64035e275e0.js:0
[     619ms] [ERROR] Failed to load resource: net::ERR_TUNNEL_CONNECTION_FAILED @ https://github.githubassets.com/assets/96306-9be591ee0e419d2e.js:0
[     619ms] [ERROR] Failed to load resource: net::ERR_TUNNEL_CONNECTION_FAILED @ https://github.githubassets.com/assets/26497-5815c1ce9a63d716.js:0
[     619ms] [ERROR] Failed to load resource: net::ERR_TUNNEL_CONNECTION_FAILED @ https://github.githubassets.com/assets/66205-b737eb30140ad669.js:0
[     619ms] [ERROR] Failed to load resource: net::ERR_TUNNEL_CONNECTION_FAILED @ https://github.githubassets.com/assets/2758-1289ff00c5943402.js:0
[     620ms] [ERROR] Failed to load resource: net::ERR_TUNNEL_CONNECTION_FAILED @ https://github.githubassets.com/assets/43690-6b1b81a7875aad48.js:0
[     620ms] [ERROR] Failed to load resource: net::ERR_TUNNEL_CONNECTION_FAILED @ https://github.githubassets.com/assets/code-view-c245d25012671aa1.js:0
[     620ms] [ERROR] Failed to load resource: net::ERR_TUNNEL_CONNECTION_FAILED @ https://github.githubassets.com/assets/75999-66911a4f8078f8d4.js:0
[     620ms] [ERROR] Failed to load resource: net::ERR_TUNNEL_CONNECTION_FAILED @ https://github.githubassets.com/assets/59852-29e3420959f94d67.js:0
[     621ms] [ERROR] Failed to load resource: net::ERR_TUNNEL_CONNECTION_FAILED @ https://github.githubassets.com/assets/33684-c5b5c811d1e864ca.js:0
[     625ms] [ERROR] Failed to load resource: net::ERR_TUNNEL_CONNECTION_FAILED @ https://github.githubassets.com/assets/5289-4a32f44cef6e4684.js:0
[     625ms] [ERROR] Failed to load resource: net::ERR_TUNNEL_CONNECTION_FAILED @ https://github.githubassets.com/assets/18157-908298688f2d677f.js:0
[     625ms] [ERROR] Failed to load resource: net::ERR_TUNNEL_CONNECTION_FAILED @ https://github.githubassets.com/assets/notifications-subscriptions-menu-aa1a15a863c08a2b.js:0
[     625ms] [ERROR] Failed to load resource: net::ERR_TUNNEL_CONNECTION_FAILED @ https://github.githubassets.com/assets/46752-06df1a7bce5e9ba9.js:0
[     625ms] [ERROR] Failed to load resource: net::ERR_TUNNEL_CONNECTION_FAILED @ https://github.githubassets.com/assets/93308-59bc73bd78f63174.js:0
[     625ms] [ERROR] Failed to load resource: net::ERR_TUNNEL_CONNECTION_FAILED @ https://github.githubassets.com/assets/sessions-a663cbddb3957792.js:0
[     684ms] [ERROR] Failed to load resource: net::ERR_TUNNEL_CONNECTION_FAILED @ https://github.githubassets.com/favicons/favicon.svg:0
[     729ms] [ERROR] Failed to load resource: net::ERR_TUNNEL_CONNECTION_FAILED @ https://github.githubassets.com/favicons/favicon.png:0
