[     338ms] [ERROR] Failed to load resource: net::ERR_TUNNEL_CONNECTION_FAILED @ https://github.githubassets.com/assets/light-0c8222dcd7a4f9b7.css:0
[     340ms] [ERROR] Failed to load resource: net::ERR_TUNNEL_CONNECTION_FAILED @ https://github.githubassets.com/assets/light_high_contrast-51c0c6e0c085cc0f.css:0
[     341ms] [ERROR] Failed to load resource: net::ERR_TUNNEL_CONNECTION_FAILED @ https://github.githubassets.com/assets/dark-fc6eec18532c3ae0.css:0
[     342ms] [ERROR] Failed to load resource: net::ERR_TUNNEL_CONNECTION_FAILED @ https://github.githubassets.com/assets/dark_high_contrast-96d7b2bab5a6ae4e.css:0
[     342ms] [ERROR] Failed to load resource: net::ERR_TUNNEL_CONNECTION_FAILED @ https://github.githubassets.com/assets/primer-primitives-10bf9dd67e3d70bd.css:0
[     342ms] [ERROR] Failed to load resource: net::ERR_TUNNEL_CONNECTION_FAILED @ https://github.githubassets.com/assets/primer-0fcd9af82350aeda.css:0
[     343ms] [ERROR] Failed to load resource: net::ERR_TUNNEL_CONNECTION_FAILED @ https://github.githubassets.com/assets/global-a40b6ece39d70d4a.css:0
[     344ms] [ERROR] Failed to load resource: net::ERR_TUNNEL_CONNECTION_FAILED @ https://github.githubassets.com/assets/github-b02a278369fa132e.css:0
[     344ms] [ERROR] Failed to load resource: net::ERR_TUNNEL_CONNECTION_FAILED @ https://github.githubassets.com/assets/profile-cb90d5fe7359aa5b.css:0
[     345ms] [ERROR] Failed to load resource: net::ERR_TUNNEL_CONNECTION_FAILED @ https://github.githubassets.com/assets/insights-9d26d7fad0378467.css:0
[     346ms] [ERROR] Failed to load resource: net::ERR_TUNNEL_CONNECTION_FAILED @ https://github.githubassets.com/assets/high-contrast-cookie-6d9b25bb81324e28.js:0
[     362ms] [ERROR] Failed to load resource: net::ERR_TUNNEL_CONNECTION_FAILED @ https://github.githubassets.com/assets/react-core.364eade98ee7744f.module.css:0
[     364ms] [ERROR] Failed to load resource: net::ERR_TUNNEL_CONNECTION_FAILED @ https://github.githubassets.com/assets/primer-react-css.a7c2e61315e78ba2.module.css:0
[     365ms] [ERROR] Failed to load resource: net::ERR_TUNNEL_CONNECTION_FAILED @ https://github.githubassets.com/assets/keyboard-shortcuts-dialog.be67227d646883be.module.css:0
[     366ms] [ERROR] Failed to load resource: net::ERR_TUNNEL_CONNECTION_FAILED @ https://github.githubassets.com/assets/marketing-navigation.0d061fa8a7d6603d.module.css:0
[     382ms] [ERROR] Failed to load resource: net::ERR_TUNNEL_CONNECTION_FAILED @ https://github.githubassets.com/assets/wp-runtime-bc91473ab0202727.js:0
[     383ms] [ERROR] Failed to load resource: net::ERR_TUNNEL_CONNECTION_FAILED @ https://github.githubassets.com/assets/28839-c0b8ec9e4855e70d.js:0
[     383ms] [ERROR] Failed to load resource: net::ERR_TUNNEL_CONNECTION_FAILED @ https://github.githubassets.com/assets/85924-d72bd3bf2ebf2b33.js:0
[     384ms] [ERROR] Failed to load resource: net::ERR_TUNNEL_CONNECTION_FAILED @ https://github.githubassets.com/assets/34646-5136272fb208a9a7.js:0
[     386ms] [ERROR] Failed to load resource: net::ERR_TUNNEL_CONNECTION_FAILED @ https://github.githubassets.com/assets/environment-d875a2db42d84bc1.js:0
[     387ms] [ERROR] Failed to load resource: net::ERR_TUNNEL_CONNECTION_FAILED @ https://github.githubassets.com/assets/runtime-helpers-9ca289a20b4287f3.js:0
[     387ms] [ERROR] Failed to load resource: net::ERR_TUNNEL_CONNECTION_FAILED @ https://github.githubassets.com/assets/2966-7fae197fcc122033.js:0
[     388ms] [ERROR] Failed to load resource: net::ERR_TUNNEL_CONNECTION_FAILED @ https://github.githubassets.com/assets/96232-9ad451468017b312.js:0
[     396ms] [ERROR] Failed to load resource: net::ERR_TUNNEL_CONNECTION_FAILED @ https://github.githubassets.com/assets/41013-98ec62b138074b3c.js:0
[     397ms] [ERROR] Failed to load resource: net::ERR_TUNNEL_CONNECTION_FAILED @ https://github.githubassets.com/assets/51210-4f6b60f1e56caf0b.js:0
[     397ms] [ERROR] Failed to load resource: net::ERR_TUNNEL_CONNECTION_FAILED @ https://github.githubassets.com/assets/77313-833d857459e22419.js:0
[     397ms] [ERROR] Failed to load resource: net::ERR_TUNNEL_CONNECTION_FAILED @ https://github.githubassets.com/assets/23039-9d3ed8a305267b36.js:0
[     397ms] [ERROR] Failed to load resource: net::ERR_TUNNEL_CONNECTION_FAILED @ https://github.githubassets.com/assets/2327-f9a97d2894410dcc.js:0
[     397ms] [ERROR] Failed to load resource: net::ERR_TUNNEL_CONNECTION_FAILED @ https://github.githubassets.com/assets/46740-6ff37d25440dfd5f.js:0
[     400ms] [ERROR] Failed to load resource: net::ERR_TUNNEL_CONNECTION_FAILED @ https://github.githubassets.com/assets/99396-1b9a7bbc673d1858.js:0
[     400ms] [ERROR] Failed to load resource: net::ERR_TUNNEL_CONNECTION_FAILED @ https://github.githubassets.com/assets/github-elements-b6b27a04749574ff.js:0
[     406ms] [ERROR] Failed to load resource: net::ERR_TUNNEL_CONNECTION_FAILED @ https://github.githubassets.com/assets/element-registry-8625ff01ea3e9c5a.js:0
[     406ms] [ERROR] Failed to load resource: net::ERR_TUNNEL_CONNECTION_FAILED @ https://github.githubassets.com/assets/react-core-eff3f3e27186f71c.js:0
[     406ms] [ERROR] Failed to load resource: net::ERR_TUNNEL_CONNECTION_FAILED @ https://github.githubassets.com/assets/react-lib-3f8a185bb97e4f4c.js:0
[     406ms] [ERROR] Failed to load resource: net::ERR_TUNNEL_CONNECTION_FAILED @ https://github.githubassets.com/assets/7053-059cc82f993d345a.js:0
[     406ms] [ERROR] Failed to load resource: net::ERR_TUNNEL_CONNECTION_FAILED @ https://github.githubassets.com/assets/79039-13dc534ba9c6a63e.js:0
[     406ms] [ERROR] Failed to load resource: net::ERR_TUNNEL_CONNECTION_FAILED @ https://github.githubassets.com/assets/61110-91a6e672e6c52371.js:0
[     406ms] [ERROR] Failed to load resource: net::ERR_TUNNEL_CONNECTION_FAILED @ https://github.githubassets.com/assets/2887-7374f895742e2de6.js:0
[     407ms] [ERROR] Failed to load resource: net::ERR_TUNNEL_CONNECTION_FAILED @ https://github.githubassets.com/assets/26533-be3434b1ad736595.js:0
[     408ms] [ERROR] Failed to load resource: net::ERR_TUNNEL_CONNECTION_FAILED @ https://github.githubassets.com/assets/18728-82d661dfa4f3f257.js:0
[     409ms] [ERROR] Failed to load resource: net::ERR_TUNNEL_CONNECTION_FAILED @ https://github.githubassets.com/assets/12734-bef5da8f594c610e.js:0
[     410ms] [ERROR] Failed to load resource: net::ERR_TUNNEL_CONNECTION_FAILED @ https://github.githubassets.com/assets/89155-cd29998a39b55887.js:0
[     413ms] [ERROR] Failed to load resource: net::ERR_TUNNEL_CONNECTION_FAILED @ https://github.githubassets.com/assets/50686-203ca12c697307e6.js:0
[     413ms] [ERROR] Failed to load resource: net::ERR_TUNNEL_CONNECTION_FAILED @ https://github.githubassets.com/assets/63225-709573646523acd4.js:0
[     413ms] [ERROR] Failed to load resource: net::ERR_TUNNEL_CONNECTION_FAILED @ https://github.githubassets.com/assets/46287-4caff6a8b1d9f9be.js:0
[     415ms] [ERROR] Failed to load resource: net::ERR_TUNNEL_CONNECTION_FAILED @ https://github.githubassets.com/assets/2498-97555f2269e8a9bd.js:0
[     416ms] [ERROR] Failed to load resource: net::ERR_TUNNEL_CONNECTION_FAILED @ https://github.githubassets.com/assets/1108-d04e2e16dc98da37.js:0
[     418ms] [ERROR] Failed to load resource: net::ERR_TUNNEL_CONNECTION_FAILED @ https://github.githubassets.com/assets/18597-4d68730b3035fa2d.js:0
[     421ms] [ERROR] Failed to load resource: net::ERR_TUNNEL_CONNECTION_FAILED @ https://github.githubassets.com/assets/15625-1fe1313c1426464a.js:0
[     424ms] [ERROR] Failed to load resource: net::ERR_TUNNEL_CONNECTION_FAILED @ https://github.githubassets.com/assets/primer-react-css.a7c2e61315e78ba2.module.css:0
[     425ms] [ERROR] Failed to load resource: net::ERR_TUNNEL_CONNECTION_FAILED @ https://github.githubassets.com/assets/48527-f916f0db97fcaa0a.js:0
[     425ms] [ERROR] Failed to load resource: net::ERR_TUNNEL_CONNECTION_FAILED @ https://github.githubassets.com/assets/28703-b65c10948d4038cd.js:0
[     425ms] [ERROR] Failed to load resource: net::ERR_TUNNEL_CONNECTION_FAILED @ https://github.githubassets.com/assets/99328-91354dc331fd4cdd.js:0
[     425ms] [ERROR] Failed to load resource: net::ERR_TUNNEL_CONNECTION_FAILED @ https://github.githubassets.com/assets/37943-51d1420545992a0c.js:0
[     433ms] [ERROR] Failed to load resource: net::ERR_TUNNEL_CONNECTION_FAILED @ https://github.githubassets.com/assets/91184-962677183b5639ee.js:0
[     433ms] [ERROR] Failed to load resource: net::ERR_TUNNEL_CONNECTION_FAILED @ https://github.githubassets.com/assets/97232-f296cf9f18a015f8.js:0
[     433ms] [ERROR] Failed to load resource: net::ERR_TUNNEL_CONNECTION_FAILED @ https://github.githubassets.com/assets/87774-a49163e290691688.js:0
[     433ms] [ERROR] Failed to load resource: net::ERR_TUNNEL_CONNECTION_FAILED @ https://github.githubassets.com/assets/27493-4c94010ef4ae1e22.js:0
[     448ms] [ERROR] Failed to load resource: net::ERR_TUNNEL_CONNECTION_FAILED @ https://github.githubassets.com/assets/56889-a22c1e3369fa0b5c.js:0
[     448ms] [ERROR] Failed to load resource: net::ERR_TUNNEL_CONNECTION_FAILED @ https://github.githubassets.com/assets/2013-ba4f72f3bac703ac.js:0
[     448ms] [ERROR] Failed to load resource: net::ERR_TUNNEL_CONNECTION_FAILED @ https://github.githubassets.com/assets/81564-b397683e312aecfa.js:0
[     448ms] [ERROR] Failed to load resource: net::ERR_TUNNEL_CONNECTION_FAILED @ https://github.githubassets.com/assets/behaviors-16a09f816045b7f3.js:0
[     448ms] [ERROR] Failed to load resource: net::ERR_TUNNEL_CONNECTION_FAILED @ https://github.githubassets.com/assets/38302-3e712631658bb3b9.js:0
[     448ms] [ERROR] Failed to load resource: net::ERR_TUNNEL_CONNECTION_FAILED @ https://github.githubassets.com/assets/notifications-global-26855372e0da920b.js:0
[     448ms] [ERROR] Failed to load resource: net::ERR_TUNNEL_CONNECTION_FAILED @ https://github.githubassets.com/assets/93429-c4274e69d7868cbb.js:0
[     448ms] [ERROR] Failed to load resource: net::ERR_TUNNEL_CONNECTION_FAILED @ https://github.githubassets.com/assets/96125-7f7cc92824fde90d.js:0
[     448ms] [ERROR] Failed to load resource: net::ERR_TUNNEL_CONNECTION_FAILED @ https://github.githubassets.com/assets/profile-5729a1dc083c4180.js:0
[     448ms] [ERROR] Failed to load resource: net::ERR_TUNNEL_CONNECTION_FAILED @ https://github.githubassets.com/assets/46752-06df1a7bce5e9ba9.js:0
[     449ms] [ERROR] Failed to load resource: net::ERR_TUNNEL_CONNECTION_FAILED @ https://github.githubassets.com/assets/93308-59bc73bd78f63174.js:0
[     449ms] [ERROR] Failed to load resource: net::ERR_TUNNEL_CONNECTION_FAILED @ https://github.githubassets.com/assets/sessions-a663cbddb3957792.js:0
[     851ms] [ERROR] Failed to load resource: net::ERR_TUNNEL_CONNECTION_FAILED @ https://github.githubassets.com/favicons/favicon.svg:0
[     914ms] [ERROR] Failed to load resource: net::ERR_TUNNEL_CONNECTION_FAILED @ https://github.githubassets.com/favicons/favicon.png:0
