[     334ms] [ERROR] Failed to load resource: net::ERR_TUNNEL_CONNECTION_FAILED @ https://github.githubassets.com/assets/global-banner-disable-758f0cae02744f7a.js:0
[     336ms] [ERROR] Failed to load resource: net::ERR_TUNNEL_CONNECTION_FAILED @ https://github.githubassets.com/assets/light-0c8222dcd7a4f9b7.css:0
[     342ms] [ERROR] Failed to load resource: net::ERR_TUNNEL_CONNECTION_FAILED @ https://github.githubassets.com/assets/light_high_contrast-51c0c6e0c085cc0f.css:0
[     342ms] [ERROR] Failed to load resource: net::ERR_TUNNEL_CONNECTION_FAILED @ https://github.githubassets.com/assets/dark-fc6eec18532c3ae0.css:0
[     342ms] [ERROR] Failed to load resource: net::ERR_TUNNEL_CONNECTION_FAILED @ https://github.githubassets.com/assets/dark_high_contrast-96d7b2bab5a6ae4e.css:0
[     342ms] [ERROR] Failed to load resource: net::ERR_TUNNEL_CONNECTION_FAILED @ https://github.githubassets.com/assets/primer-primitives-10bf9dd67e3d70bd.css:0
[     343ms] [ERROR] Failed to load resource: net::ERR_TUNNEL_CONNECTION_FAILED @ https://github.githubassets.com/assets/primer-0fcd9af82350aeda.css:0
[     343ms] [ERROR] Failed to load resource: net::ERR_TUNNEL_CONNECTION_FAILED @ https://github.githubassets.com/assets/global-a40b6ece39d70d4a.css:0
[     343ms] [ERROR] Failed to load resource: net::ERR_TUNNEL_CONNECTION_FAILED @ https://github.githubassets.com/assets/github-b02a278369fa132e.css:0
[     343ms] [ERROR] Failed to load resource: net::ERR_TUNNEL_CONNECTION_FAILED @ https://github.githubassets.com/assets/site-4884328cf1d6633f.css:0
[     344ms] [ERROR] Failed to load resource: net::ERR_TUNNEL_CONNECTION_FAILED @ https://github.githubassets.com/assets/landing-pages-8a6ddfb3febb09cd.css:0
[     347ms] [ERROR] Failed to load resource: net::ERR_TUNNEL_CONNECTION_FAILED @ https://github.githubassets.com/assets/home-1aab590db4b38e90.css:0
[     347ms] [ERROR] Failed to load resource: net::ERR_TUNNEL_CONNECTION_FAILED @ https://github.githubassets.com/assets/MonaSansVF-wdth-wght-opsz-902d64c7ad02.woff2:0
[     348ms] [ERROR] Failed to load resource: net::ERR_TUNNEL_CONNECTION_FAILED @ https://github.githubassets.com/assets/high-contrast-cookie-6d9b25bb81324e28.js:0
[     360ms] [ERROR] Failed to load resource: net::ERR_TUNNEL_CONNECTION_FAILED @ https://github.githubassets.com/assets/react-core.364eade98ee7744f.module.css:0
[     362ms] [ERROR] Failed to load resource: net::ERR_TUNNEL_CONNECTION_FAILED @ https://github.githubassets.com/assets/primer-react-css.a7c2e61315e78ba2.module.css:0
[     362ms] [ERROR] Failed to load resource: net::ERR_TUNNEL_CONNECTION_FAILED @ https://github.githubassets.com/assets/landing-pages.0fae48e1ad576b05.module.css:0
[     369ms] [ERROR] Failed to load resource: net::ERR_TUNNEL_CONNECTION_FAILED @ https://github.githubassets.com/assets/keyboard-shortcuts-dialog.be67227d646883be.module.css:0
[     369ms] [ERROR] Failed to load resource: net::ERR_TUNNEL_CONNECTION_FAILED @ https://github.githubassets.com/assets/marketing-navigation.0d061fa8a7d6603d.module.css:0
[     386ms] [ERROR] Failed to load resource: net::ERR_TUNNEL_CONNECTION_FAILED @ https://github.githubassets.com/assets/wp-runtime-bc91473ab0202727.js:0
[     386ms] [ERROR] Failed to load resource: net::ERR_TUNNEL_CONNECTION_FAILED @ https://github.githubassets.com/assets/28839-c0b8ec9e4855e70d.js:0
[     386ms] [ERROR] Failed to load resource: net::ERR_TUNNEL_CONNECTION_FAILED @ https://github.githubassets.com/assets/85924-d72bd3bf2ebf2b33.js:0
[     386ms] [ERROR] Failed to load resource: net::ERR_TUNNEL_CONNECTION_FAILED @ https://github.githubassets.com/assets/34646-5136272fb208a9a7.js:0
[     386ms] [ERROR] Failed to load resource: net::ERR_TUNNEL_CONNECTION_FAILED @ https://github.githubassets.com/assets/environment-d875a2db42d84bc1.js:0
[     387ms] [ERROR] Failed to load resource: net::ERR_TUNNEL_CONNECTION_FAILED @ https://github.githubassets.com/assets/runtime-helpers-9ca289a20b4287f3.js:0
[     392ms] [ERROR] Failed to load resource: net::ERR_TUNNEL_CONNECTION_FAILED @ https://github.githubassets.com/assets/2966-7fae197fcc122033.js:0
[     392ms] [ERROR] Failed to load resource: net::ERR_TUNNEL_CONNECTION_FAILED @ https://github.githubassets.com/assets/96232-9ad451468017b312.js:0
[     397ms] [ERROR] Failed to load resource: net::ERR_TUNNEL_CONNECTION_FAILED @ https://github.githubassets.com/assets/41013-98ec62b138074b3c.js:0
[     398ms] [ERROR] Failed to load resource: net::ERR_TUNNEL_CONNECTION_FAILED @ https://github.githubassets.com/assets/51210-4f6b60f1e56caf0b.js:0
[     398ms] [ERROR] Failed to load resource: net::ERR_TUNNEL_CONNECTION_FAILED @ https://github.githubassets.com/assets/77313-833d857459e22419.js:0
[     398ms] [ERROR] Failed to load resource: net::ERR_TUNNEL_CONNECTION_FAILED @ https://github.githubassets.com/assets/23039-9d3ed8a305267b36.js:0
[     398ms] [ERROR] Failed to load resource: net::ERR_TUNNEL_CONNECTION_FAILED @ https://github.githubassets.com/assets/2327-f9a97d2894410dcc.js:0
[     398ms] [ERROR] Failed to load resource: net::ERR_TUNNEL_CONNECTION_FAILED @ https://github.githubassets.com/assets/46740-6ff37d25440dfd5f.js:0
[     398ms] [ERROR] Failed to load resource: net::ERR_TUNNEL_CONNECTION_FAILED @ https://github.githubassets.com/assets/99396-1b9a7bbc673d1858.js:0
[     398ms] [ERROR] Failed to load resource: net::ERR_TUNNEL_CONNECTION_FAILED @ https://github.githubassets.com/assets/github-elements-b6b27a04749574ff.js:0
[     398ms] [ERROR] Failed to load resource: net::ERR_TUNNEL_CONNECTION_FAILED @ https://github.githubassets.com/assets/element-registry-8625ff01ea3e9c5a.js:0
[     400ms] [ERROR] Failed to load resource: net::ERR_TUNNEL_CONNECTION_FAILED @ https://github.githubassets.com/assets/react-core-eff3f3e27186f71c.js:0
[     401ms] [ERROR] Failed to load resource: net::ERR_TUNNEL_CONNECTION_FAILED @ https://github.githubassets.com/assets/react-lib-3f8a185bb97e4f4c.js:0
[     402ms] [ERROR] Failed to load resource: net::ERR_TUNNEL_CONNECTION_FAILED @ https://github.githubassets.com/assets/7053-059cc82f993d345a.js:0
[     404ms] [ERROR] Failed to load resource: net::ERR_TUNNEL_CONNECTION_FAILED @ https://github.githubassets.com/assets/79039-13dc534ba9c6a63e.js:0
[     404ms] [ERROR] Failed to load resource: net::ERR_TUNNEL_CONNECTION_FAILED @ https://github.githubassets.com/assets/61110-91a6e672e6c52371.js:0
[     405ms] [ERROR] Failed to load resource: net::ERR_TUNNEL_CONNECTION_FAILED @ https://github.githubassets.com/assets/2887-7374f895742e2de6.js:0
[     407ms] [ERROR] Failed to load resource: net::ERR_TUNNEL_CONNECTION_FAILED @ https://github.githubassets.com/assets/26533-be3434b1ad736595.js:0
[     409ms] [ERROR] Failed to load resource: net::ERR_TUNNEL_CONNECTION_FAILED @ https://github.githubassets.com/assets/18728-82d661dfa4f3f257.js:0
[     409ms] [ERROR] Failed to load resource: net::ERR_TUNNEL_CONNECTION_FAILED @ https://github.githubassets.com/assets/12734-bef5da8f594c610e.js:0
[     409ms] [ERROR] Failed to load resource: net::ERR_TUNNEL_CONNECTION_FAILED @ https://github.githubassets.com/assets/89155-cd29998a39b55887.js:0
[     410ms] [ERROR] Failed to load resource: net::ERR_TUNNEL_CONNECTION_FAILED @ https://github.githubassets.com/assets/50686-203ca12c697307e6.js:0
[     410ms] [ERROR] Failed to load resource: net::ERR_TUNNEL_CONNECTION_FAILED @ https://github.githubassets.com/assets/63225-709573646523acd4.js:0
[     412ms] [ERROR] Failed to load resource: net::ERR_TUNNEL_CONNECTION_FAILED @ https://github.githubassets.com/assets/46287-4caff6a8b1d9f9be.js:0
[     412ms] [ERROR] Failed to load resource: net::ERR_TUNNEL_CONNECTION_FAILED @ https://github.githubassets.com/assets/2498-97555f2269e8a9bd.js:0
[     414ms] [ERROR] Failed to load resource: net::ERR_TUNNEL_CONNECTION_FAILED @ https://github.githubassets.com/assets/1108-d04e2e16dc98da37.js:0
[     414ms] [ERROR] Failed to load resource: net::ERR_TUNNEL_CONNECTION_FAILED @ https://github.githubassets.com/assets/18597-4d68730b3035fa2d.js:0
[     415ms] [ERROR] Failed to load resource: net::ERR_TUNNEL_CONNECTION_FAILED @ https://github.githubassets.com/assets/15625-1fe1313c1426464a.js:0
[     415ms] [ERROR] Failed to load resource: net::ERR_TUNNEL_CONNECTION_FAILED @ https://github.githubassets.com/assets/48527-f916f0db97fcaa0a.js:0
[     416ms] [ERROR] Failed to load resource: net::ERR_TUNNEL_CONNECTION_FAILED @ https://github.githubassets.com/assets/28703-b65c10948d4038cd.js:0
[     418ms] [ERROR] Failed to load resource: net::ERR_TUNNEL_CONNECTION_FAILED @ https://github.githubassets.com/assets/99328-91354dc331fd4cdd.js:0
[     419ms] [ERROR] Failed to load resource: net::ERR_TUNNEL_CONNECTION_FAILED @ https://github.githubassets.com/assets/37943-51d1420545992a0c.js:0
[     419ms] [ERROR] Failed to load resource: net::ERR_TUNNEL_CONNECTION_FAILED @ https://github.githubassets.com/assets/91184-962677183b5639ee.js:0
[     421ms] [ERROR] Failed to load resource: net::ERR_TUNNEL_CONNECTION_FAILED @ https://github.githubassets.com/assets/97232-f296cf9f18a015f8.js:0
[     421ms] [ERROR] Failed to load resource: net::ERR_TUNNEL_CONNECTION_FAILED @ https://github.githubassets.com/assets/87774-a49163e290691688.js:0
[     422ms] [ERROR] Failed to load resource: net::ERR_TUNNEL_CONNECTION_FAILED @ https://github.githubassets.com/assets/27493-4c94010ef4ae1e22.js:0
[     422ms] [ERROR] Failed to load resource: net::ERR_TUNNEL_CONNECTION_FAILED @ https://github.githubassets.com/assets/56889-a22c1e3369fa0b5c.js:0
[     423ms] [ERROR] Failed to load resource: net::ERR_TUNNEL_CONNECTION_FAILED @ https://github.githubassets.com/assets/2013-ba4f72f3bac703ac.js:0
[     424ms] [ERROR] Failed to load resource: net::ERR_TUNNEL_CONNECTION_FAILED @ https://github.githubassets.com/assets/81564-b397683e312aecfa.js:0
[     425ms] [ERROR] Failed to load resource: net::ERR_TUNNEL_CONNECTION_FAILED @ https://github.githubassets.com/assets/behaviors-16a09f816045b7f3.js:0
[     427ms] [ERROR] Failed to load resource: net::ERR_TUNNEL_CONNECTION_FAILED @ https://github.githubassets.com/assets/38302-3e712631658bb3b9.js:0
[     427ms] [ERROR] Failed to load resource: net::ERR_TUNNEL_CONNECTION_FAILED @ https://github.githubassets.com/assets/notifications-global-26855372e0da920b.js:0
[     427ms] [ERROR] Failed to load resource: net::ERR_TUNNEL_CONNECTION_FAILED @ https://github.githubassets.com/assets/43444-dea18a2977743513.js:0
[     429ms] [ERROR] Failed to load resource: net::ERR_TUNNEL_CONNECTION_FAILED @ https://github.githubassets.com/assets/22445-b58367711e0574da.js:0
[     430ms] [ERROR] Failed to load resource: net::ERR_TUNNEL_CONNECTION_FAILED @ https://github.githubassets.com/assets/marketing-essentials-6741b7c54c954971.js:0
[     430ms] [ERROR] Failed to load resource: net::ERR_TUNNEL_CONNECTION_FAILED @ https://github.githubassets.com/assets/primer-react-d9c6875a3332ed86.js:0
[     435ms] [ERROR] Failed to load resource: net::ERR_TUNNEL_CONNECTION_FAILED @ https://github.githubassets.com/assets/primer-react-css.a7c2e61315e78ba2.module.css:0
[     447ms] [ERROR] Failed to load resource: net::ERR_TUNNEL_CONNECTION_FAILED @ https://github.githubassets.com/assets/octicons-react-ca419a820093f0c2.js:0
[     447ms] [ERROR] Failed to load resource: net::ERR_TUNNEL_CONNECTION_FAILED @ https://github.githubassets.com/assets/82920-dc06a067ce609d1d.js:0
[     466ms] [ERROR] Failed to load resource: net::ERR_TUNNEL_CONNECTION_FAILED @ https://github.githubassets.com/assets/37869-a6edd40fc0f7a5b7.js:0
[     467ms] [ERROR] Failed to load resource: net::ERR_TUNNEL_CONNECTION_FAILED @ https://github.githubassets.com/assets/68751-dc22dc5f8bf5a264.js:0
[     467ms] [ERROR] Failed to load resource: net::ERR_TUNNEL_CONNECTION_FAILED @ https://github.githubassets.com/assets/70641-f1d515c4c768cf4a.js:0
[     467ms] [ERROR] Failed to load resource: net::ERR_TUNNEL_CONNECTION_FAILED @ https://github.githubassets.com/assets/46752-06df1a7bce5e9ba9.js:0
[     467ms] [ERROR] Failed to load resource: net::ERR_TUNNEL_CONNECTION_FAILED @ https://github.githubassets.com/assets/85897-d25ade9c33947a50.js:0
[     467ms] [ERROR] Failed to load resource: net::ERR_TUNNEL_CONNECTION_FAILED @ https://github.githubassets.com/assets/71236-1e8b5578214f81f0.js:0
[     467ms] [ERROR] Failed to load resource: net::ERR_TUNNEL_CONNECTION_FAILED @ https://github.githubassets.com/assets/90018-d7d024587e306d73.js:0
[     467ms] [ERROR] Failed to load resource: net::ERR_TUNNEL_CONNECTION_FAILED @ https://github.githubassets.com/assets/48761-6c98a87d10770aa4.js:0
[     467ms] [ERROR] Failed to load resource: net::ERR_TUNNEL_CONNECTION_FAILED @ https://github.githubassets.com/assets/18382-e081f793d0d5eda3.js:0
[     467ms] [ERROR] Failed to load resource: net::ERR_TUNNEL_CONNECTION_FAILED @ https://github.githubassets.com/assets/6572-814f55f7ae92e4e1.js:0
[     467ms] [ERROR] Failed to load resource: net::ERR_TUNNEL_CONNECTION_FAILED @ https://github.githubassets.com/assets/63991-e25341ef4598af2e.js:0
[     470ms] [ERROR] Failed to load resource: net::ERR_TUNNEL_CONNECTION_FAILED @ https://github.githubassets.com/assets/5478-be6668559cef13dd.js:0
[     470ms] [ERROR] Failed to load resource: net::ERR_TUNNEL_CONNECTION_FAILED @ https://github.githubassets.com/assets/55077-d510c436181016ee.js:0
[     470ms] [ERROR] Failed to load resource: net::ERR_TUNNEL_CONNECTION_FAILED @ https://github.githubassets.com/assets/37826-e9b8045d31acb775.js:0
[     470ms] [ERROR] Failed to load resource: net::ERR_TUNNEL_CONNECTION_FAILED @ https://github.githubassets.com/assets/84500-a23775c1a21134ed.js:0
[     470ms] [ERROR] Failed to load resource: net::ERR_TUNNEL_CONNECTION_FAILED @ https://github.githubassets.com/assets/84552-9b29b2659cf8b921.js:0
[     470ms] [ERROR] Failed to load resource: net::ERR_TUNNEL_CONNECTION_FAILED @ https://github.githubassets.com/assets/39250-b19002618b3e8e64.js:0
[     470ms] [ERROR] Failed to load resource: net::ERR_TUNNEL_CONNECTION_FAILED @ https://github.githubassets.com/assets/49957-7525931c30761233.js:0
[     470ms] [ERROR] Failed to load resource: net::ERR_TUNNEL_CONNECTION_FAILED @ https://github.githubassets.com/assets/landing-pages-03ff7c6c04cb8d9f.js:0
[     470ms] [ERROR] Failed to load resource: net::ERR_TUNNEL_CONNECTION_FAILED @ https://github.githubassets.com/assets/93308-59bc73bd78f63174.js:0
[     470ms] [ERROR] Failed to load resource: net::ERR_TUNNEL_CONNECTION_FAILED @ https://github.githubassets.com/assets/sessions-a663cbddb3957792.js:0
[     529ms] [ERROR] Failed to load resource: net::ERR_TUNNEL_CONNECTION_FAILED @ https://github.githubassets.com/favicons/favicon.svg:0
[     606ms] [ERROR] Failed to load resource: net::ERR_TUNNEL_CONNECTION_FAILED @ https://github.githubassets.com/favicons/favicon.png:0
[    3606ms] [WARNING] The resource https://github.githubassets.com/assets/MonaSansVF-wdth-wght-opsz-902d64c7ad02.woff2 was preloaded using link preload but not used within a few seconds from the window's load event. Please make sure it has an appropriate `as` value and it is preloaded intentionally. @ https://github.com/:0
